<?xml version="1.0" encoding="UTF-8"?>
<testng-results ignored="0" total="1" passed="1" failed="0" skipped="0">
  <reporter-output>
  </reporter-output>
  <suite started-at="2023-11-08T22:36:37 IST" name="Default suite" finished-at="2023-11-08T22:37:04 IST" duration-ms="26522">
    <groups>
    </groups>
    <test started-at="2023-11-08T22:36:37 IST" name="Default test" finished-at="2023-11-08T22:37:04 IST" duration-ms="26522">
      <class name="testCase.CartPageTestCase">
        <test-method is-config="true" signature="openBrowser()[pri:0, instance:testCase.CartPageTestCase@449a4f23]" started-at="2023-11-08T22:36:37 IST" name="openBrowser" finished-at="2023-11-08T22:36:59 IST" duration-ms="21902" status="PASS">
          <reporter-output>
          </reporter-output>
        </test-method> <!-- openBrowser -->
        <test-method signature="chartCheck()[pri:0, instance:testCase.CartPageTestCase@449a4f23]" started-at="2023-11-08T22:37:00 IST" name="chartCheck" finished-at="2023-11-08T22:37:00 IST" duration-ms="20" status="PASS">
          <reporter-output>
          </reporter-output>
        </test-method> <!-- chartCheck -->
        <test-method is-config="true" signature="closeBroser()[pri:0, instance:testCase.CartPageTestCase@449a4f23]" started-at="2023-11-08T22:37:00 IST" name="closeBroser" finished-at="2023-11-08T22:37:04 IST" duration-ms="4184" status="PASS">
          <reporter-output>
          </reporter-output>
        </test-method> <!-- closeBroser -->
      </class> <!-- testCase.CartPageTestCase -->
    </test> <!-- Default test -->
  </suite> <!-- Default suite -->
</testng-results>
